-------------------------------------------------------------------------------
Test set: Atividade1.CalculadoraTest
-------------------------------------------------------------------------------
Tests run: 4, Failures: 4, Errors: 0, Skipped: 0, Time elapsed: 0.014 sec <<< FAILURE!
Atividade1.CalculadoraTest.testSomar()  Time elapsed: 0.006 sec  <<< FAILURE!
org.opentest4j.AssertionFailedError: The test case is a prototype.
	at org.junit.jupiter.api.AssertionUtils.fail(AssertionUtils.java:39)
	at org.junit.jupiter.api.Assertions.fail(Assertions.java:109)
	at Atividade1.CalculadoraTest.testSomar(CalculadoraTest.java:53)

Atividade1.CalculadoraTest.testMultiplicar()  Time elapsed: 0 sec  <<< FAILURE!
org.opentest4j.AssertionFailedError: The test case is a prototype.
	at org.junit.jupiter.api.AssertionUtils.fail(AssertionUtils.java:39)
	at org.junit.jupiter.api.Assertions.fail(Assertions.java:109)
	at Atividade1.CalculadoraTest.testMultiplicar(CalculadoraTest.java:85)

Atividade1.CalculadoraTest.testSubtrair()  Time elapsed: 0 sec  <<< FAILURE!
org.opentest4j.AssertionFailedError: The test case is a prototype.
	at org.junit.jupiter.api.AssertionUtils.fail(AssertionUtils.java:39)
	at org.junit.jupiter.api.Assertions.fail(Assertions.java:109)
	at Atividade1.CalculadoraTest.testSubtrair(CalculadoraTest.java:69)

Atividade1.CalculadoraTest.testDividir()  Time elapsed: 0.007 sec  <<< FAILURE!
org.opentest4j.AssertionFailedError: expected: <0.0> but was: <NaN>
	at org.junit.jupiter.api.AssertionUtils.fail(AssertionUtils.java:55)
	at org.junit.jupiter.api.AssertionUtils.failNotEqual(AssertionUtils.java:62)
	at org.junit.jupiter.api.AssertEquals.assertEquals(AssertEquals.java:86)
	at org.junit.jupiter.api.AssertEquals.assertEquals(AssertEquals.java:81)
	at org.junit.jupiter.api.Assertions.assertEquals(Assertions.java:993)
	at Atividade1.CalculadoraTest.testDividir(CalculadoraTest.java:99)

