<?xml version="1.0" encoding="UTF-8" ?>
<testsuite tests="4" failures="4" name="Atividade1.CalculadoraTest" time="0.013" errors="0" skipped="0">
  <properties>
[...]
</properties>
  <testcase classname="Atividade1.CalculadoraTest" name="Atividade1.CalculadoraTest.testSomar" time="0.006">
    <failure message="The test case is a prototype." type="org.opentest4j.AssertionFailedError">org.opentest4j.AssertionFailedError: The test case is a prototype.
	at org.junit.jupiter.api.AssertionUtils.fail(AssertionUtils.java:39)
	at org.junit.jupiter.api.Assertions.fail(Assertions.java:109)
	at Atividade1.CalculadoraTest.testSomar(CalculadoraTest.java:53)
</failure>
    <system-out>somar
</system-out>
  </testcase>
  <testcase classname="Atividade1.CalculadoraTest" name="Atividade1.CalculadoraTest.testMultiplicar" time="0">
    <failure message="The test case is a prototype." type="org.opentest4j.AssertionFailedError">org.opentest4j.AssertionFailedError: The test case is a prototype.
	at org.junit.jupiter.api.AssertionUtils.fail(AssertionUtils.java:39)
	at org.junit.jupiter.api.Assertions.fail(Assertions.java:109)
	at Atividade1.CalculadoraTest.testMultiplicar(CalculadoraTest.java:85)
</failure>
    <system-out>multiplicar
</system-out>
  </testcase>
  <testcase classname="Atividade1.CalculadoraTest" name="Atividade1.CalculadoraTest.testSubtrair" time="0">
    <failure message="The test case is a prototype." type="org.opentest4j.AssertionFailedError">org.opentest4j.AssertionFailedError: The test case is a prototype.
	at org.junit.jupiter.api.AssertionUtils.fail(AssertionUtils.java:39)
	at org.junit.jupiter.api.Assertions.fail(Assertions.java:109)
	at Atividade1.CalculadoraTest.testSubtrair(CalculadoraTest.java:69)
</failure>
    <system-out>subtrair
</system-out>
  </testcase>
  <testcase classname="Atividade1.CalculadoraTest" name="Atividade1.CalculadoraTest.testDividir" time="0.007">
    <failure message="expected: &lt;0.0&gt; but was: &lt;NaN&gt;" type="org.opentest4j.AssertionFailedError">org.opentest4j.AssertionFailedError: expected: &lt;0.0&gt; but was: &lt;NaN&gt;
	at org.junit.jupiter.api.AssertionUtils.fail(AssertionUtils.java:55)
	at org.junit.jupiter.api.AssertionUtils.failNotEqual(AssertionUtils.java:62)
	at org.junit.jupiter.api.AssertEquals.assertEquals(AssertEquals.java:86)
	at org.junit.jupiter.api.AssertEquals.assertEquals(AssertEquals.java:81)
	at org.junit.jupiter.api.Assertions.assertEquals(Assertions.java:993)
	at Atividade1.CalculadoraTest.testDividir(CalculadoraTest.java:99)
</failure>
    <system-out>dividir
</system-out>
  </testcase>
</testsuite>